Case #1:
1: ETPMBD
2: HLFEYE
3: NCDCVP
4: FPPRLC
5: VOKWKL
6: UJTEHH
7: BWJRXG
8: GZKVLM
9: TEOPRA
10: UBLKMA
11: INGGMW
12: LTYIYB
13: QXWLJT
14: IIOPOP
15: ZYXDDS
16: JXQBUO
17: WKSXYL
18: QIDCBD
19: XQUMVO
20: CJZALK
21: RINCSB
22: MXXNZK
23: JOVCLR
Case #2:
1: VKVKKD
2: UXVRFU
3: NFBZEF
4: KYJPJS
5: JCMKQL
6: IOWNTK
7: NPQAMA
8: EEIPDW
9: UOXUHS
10: IWCJGT
11: HEXPVC
12: TKLEBU
13: IDYPIJ
14: AVARVP
15: FCFCOP
16: GAGTGH
17: IWSINA
18: WCBIOW
19: QTGFLL
20: ZFMZCV
21: WLKUYF
22: TRYOZA
Case #3:
1: VMVPWQX
2: MDQJPNY
3: ETARUNF
4: ACCKVZK
5: BEHDWTZ
6: OYGVCZH
7: JQQVCQZ
8: QSDGQRN
9: SARQZBG
10: YZKOLVS
11: OYNHGHO
12: LBMNFPA
13: KRWZVZF
14: VJUHQTB
15: XAELEWU
16: MXAWPST
17: CQMUSDM
18: LFXSYXJ
19: FERLYCT
20: RGUFFUB
21: SITGIBD
22: VMQWSXC
Case #4:
1: RHQSJ
2: BTBWJ
3: RSQLV
4: WGNJM
5: YRNGY
6: UZRQN
7: URICF
8: LJZBS
9: IAGXL
10: NVTDG
11: XIRNX
12: GPXXW
13: PKGET
14: QISBH
15: XYSWK
16: LNFOJ
17: QOGNL
18: CVUOA
19: PCRIR
20: LZCWG
21: XUOPO
22: TXFBZ
23: UHKWF
24: IXPJD
25: UHXCM
26: ZXPHX
Case #5:
1: UWOGYS
2: ZPXZDH
3: RZYKOH
4: DAHLUQ
5: CJTGDP
6: OERCEN
7: NKLAHA
8: FMTLTO
9: QAKCAX
10: CWPHNV
11: JDYVHA
12: PRYNPH
13: XQNXUM
14: YPGHVE
15: ZCWSGA
16: HEQIMC
17: QAJUWG
18: CZFRGU
19: AZBIKV
20: ZBAEZX
Case #6:
1: HXWRVMKNKJ
2: UUQQPAGZGX
3: AVQAMCCZHB
4: QIMNWRJCJY
5: HOMTCFXSLP
6: VNQEQQCUIW
7: QIZAIUOXXB
8: SOKGVLWSVZ
9: QKMTXPMQBN
10: WPVQOEVLPB
11: TAZGALOKUM
12: GBCDFYZTSY
13: CJNILEZIFJ
14: SBYOVVAHIK
15: OZGESXHYZN
16: ZCOYUVGACF
17: GNZJGRMXWZ
18: GAONRPYJSG
19: TECJHPLJQU
20: UPHICFBOIL
21: ZDOWLQVONF
22: SWTGRXOOPZ
23: MIRWKBRSIG
24: SEAKKSAMMJ
25: NQOZUOQNAD
26: YPXXRGRFFR
27: MGFYZEPNUR
28: OGCJXQNUBE
29: PKBIKWHQCX
30: FKZGSBSHLM
31: SUNEDJSBBP
32: BSGUMBLIWM
33: BRJKBKIYMA
34: AJSQWJFXSZ
35: IUMKXTIZPD
36: IHAVRLBQWI
37: CTVTSPOART
38: VJTXSCOHBM
39: ZHGXVBTXKB
40: MUTTFKIMEH
41: CKIKQAHXAI
42: TMRJJEZEUO
43: QGOALOVMEA
44: UQSNOCOHWY
45: HKXLVGAIPQ
46: IXDPFIUHWE
47: PWDGTFEQNT
48: KDHKNREQDQ
49: IDJXEFNUUP
49: NYZKWQSPVX
51: LPKHXDELTW
52: FBYKBZQTML
53: UKLWTKOIER
54: MYIOFBPXIB
55: DJKHUWDBMH
56: ZNKNZKGKJV
57: NXQUTEXENV
58: GDGIAYWEQU
59: MPGHIAYWAQ
60: XVHJFITQIH
61: OBAKYUMOBN
62: AEDNIGWCHA
63: TLHIPUVTYZ
64: LDPFOYLQDG
65: SJJKAITHFN
66: FHZDJXGLAY
67: PICVGZZBXJ
68: MSEUCWWMUX
69: PJCPVAVXIN
70: DLKGAROXYK
71: HKYTRUPUVB
72: OIEDMGSPWD
73: GQVTXSWEGQ
74: QZPLUWWEJC
75: NMMENZSKLX
76: QAFVIYAMRQ
77: MDTESJIGRF
78: HZTTWZYLWT
79: GTPSZADCQX
80: GGCYCWDZAQ
81: MHKTPZPMSO
82: DVHHJPPFUX
83: BVQKEYUZOD
84: VTRMELJCPS
85: HGFMCNNCCE
86: HTWHDNQVMT
87: SRCTVNRDYR
88: NGYRKKAECW
89: FDXAHRJQZA
90: CGMRBLSENK
91: UJDPCCPDNL
92: KPIWTXVMJG
93: LVNVOEWEQO
94: UDVSXHEXLG
95: CWFADIOWFA
96: RXUTTPIKUJ
97: TVWDTRBOFK
98: DWPPOSAIXQ
99: UBMZBQKROP
100: SFPMAIDKUZ
Case #7:
1: FYDDL
2: CJTPT
3: LASWK
4: GZVFB
5: WHWBJ
6: CAUST
7: HAZZD
8: WOECE
9: TEOPU
10: FFUUR
11: YVRXY
12: DWNRL
13: JLQAM
14: KKJVM
15: SGLAW
16: WGWNT
17: LRZUN
18: KRDOP
19: WWPZF
Case #8:
1: BOLT
2: GAY
3: PEIMENG
3: TIANBING
5: LARRY
Case #9:
1: AVDWHKK
2: OEQPTMF
3: IFITEIP
4: TLLXVZS
5: LQHJBVV
6: AFFHQWS
7: GGIQLUK
8: YTMFBVZ
9: FGJUQKV
10: TBVJTIV
11: OHZZXII
12: PKRAPBT
13: RFVFZBX
14: LWXWYYX
15: GLRJQHQ
16: WLMMDOU
17: UJEMPBT
18: YNDOSVD
19: CIOTCRS
20: YOWQYNQ
21: XHEZHHY
22: QQLJEYJ
23: NSGQZLZ
24: RSDXBNP
Case #10:
1: BBUEMUW
2: PDOIXVX
3: HNFVSFR
4: VGZJQEP
5: HQXWUTL
6: YCXQPOS
7: TAGJNUV
8: MFYWXYU
9: QGSTKPX
10: OKEESXZ
11: RLPCOGR
12: DRFYULJ
13: AVIZJXG
14: PMUKZUS
15: FUITCGM
16: APLQBHC
17: RTHOZHY
18: JIFJRHE
19: OHXRDFQ
20: PCWMZKM
21: XONGYSP
22: BIYSRXJ
23: XXOYMZQ
24: COWCXTG
25: KBONPMP
26: ZHCVGOI
27: YJVDDAC
