Case #1:
1: BOLT
2: GAY
3: PEIMENG
3: TIANBING
5: LARRY
Case #2:
1: PCSLTL
2: TZWZVB
3: TKIEWW
4: NVQZKZ
5: PULLOB
6: WIPAPP
7: AKGKMC
8: BCXPCA
9: DDUSPN
10: MLEHYX
11: BWEUDV
12: ZYTGPQ
13: TQOCKK
14: UKHUUE
15: UWHSWE
16: NFMYDY
17: QNHUBF
18: SRICVG
19: GLFPXU
20: ZDCNYZ
21: HUMTVG
Case #3:
1: SPGLINBYDT
2: MIWJWLGCGM
3: AWPVPJIMPZ
4: LCDJQSQOTG
5: KOUNHHSVOH
6: UTQWEGTBEK
7: JSJAVZVDYS
8: OLZEMBDOVQ
9: LBLZFNHXFK
10: ZVAOTVVOPT
11: NFKWDJQEQR
12: ISMOBZYEIT
13: NOIGMMICEC
14: ITEICSIMOM
15: OBNQNDGTDH
16: AIZACKGFRK
17: UGZDIBGOHS
18: PILKWQHXET
19: RNMZXYCJEF
20: ZQJJWWKRFC
21: CKGIXRWZPB
22: ODXKNONGTN
23: LVHVGOPAHS
24: RCXNNTAVVG
25: UQZXFUSAIK
26: LFDCCUNMGC
27: LSWQDPITDD
28: VYRFUUPMBH
29: IFYUTBVTHD
30: RBQNVNOHMP
31: LVSTCHIMLM
32: RSDWNJQKTA
33: BAKXRJLHEG
34: BEMCGQMOXG
35: VPQREXZZUP
36: NWGNHVKDFG
37: DDUJORCMSR
38: NQZTABLJNB
39: OAPEQCHWYM
40: YROXXWADMH
41: VVJHKCSADS
42: GMYTYWKFTQ
43: XANXTYAVHF
44: VEFSUTNUOI
45: YENQATWVUD
46: FJRKNTGBHN
47: XXBTOEIYXO
48: AUGKEEIOWN
49: HLGEVVSKBO
50: STEILIHMJE
51: YCUJCSIZVG
52: PNIOKPIERT
53: GWRHCFIGTF
54: YPJFKRWBRD
55: SOKKEHZSON
56: DWQBTLFOFM
57: TRHHHJAGHX
58: FSIYOMFWZQ
59: WWFJTZSGGY
60: MTGAUNNCKV
61: CZUOBCGQQD
62: IHFNDSWTEP
63: PVXXKESWJZ
64: OHQXRBCJBF
65: BPQZLQVVWQ
66: WCTSNXKVXH
67: CRVVYYAIGV
68: BAHQXDQAAY
69: VFSEVATKCG
70: LOITTFONQS
71: SMCWNSVNCQ
72: FOTNONDERP
73: OMRFRNCIZD
74: EPWQBAXAUL
75: QCRVLMWGVE
76: UUETNFWZOK
77: KPSZTJEBHC
78: YQWMNTJNYX
79: ZGXRDOSFZV
80: WUGKVFJYQN
81: LYLUIPAQFY
82: SEIMPWFSKY
83: FNUARQAMCF
84: CLQIGKBTHP
85: TURXQGPNTU
86: BQHNXTETUY
87: NNNHZCCGFK
88: XXVYRJDBJC
89: GQQOCLTLLL
90: FAUJKFSUTB
91: NCUURZOPUV
92: GKADJKKDHT
93: ZPPIWZSZHZ
94: MBXWTXZKXZ
95: YTYVTRLVEP
96: EQZZJNXVKU
97: CLLYHLYHWE
98: KENDTESWIK
99: AZJTWCAOPT
100: KXLCLONEZB
Case #4:
1: HGUWHY
2: XVMFJL
3: IUMZCI
4: KAMIYA
5: MVPBMF
6: VTLIDL
7: ILREHZ
8: UQUOOV
9: ENSVBA
10: AGWTMF
11: BYYWNZ
12: ZBFMFW
13: BLDNTM
14: FLIMZO
15: ARSNIF
16: PACBUS
17: ERROGO
Case #5:
1: IMIRO
2: GSPOZ
3: PPJMX
4: BIEHB
5: ZIGOF
6: YEKAK
7: AKYAH
8: RHXZI
9: XCVOV
10: KMMXH
11: SBHAU
12: YBYVA
13: HBTLG
14: CZAGY
15: YFEVU
16: IVGSV
17: MWJCP
18: ZAPTN
19: YPKUD
20: PDUZS
21: WXWLE
22: QAXIQ
23: ZAEIC
Case #6:
1: ENCGODB
2: KCHGFNV
3: ZWLOKSB
4: THSNDNC
5: FKCCTJK
6: VJFFLMO
7: TTCMAUA
8: AVAYVXU
9: BPVDFXC
10: UUYLPJH
11: ADOHNSJ
12: GFEZYGM
13: OGERVBW
14: MOFNVLA
15: WDEMJKD
16: ICVOAVO
17: BFELYIA
18: BCVDXXB
19: AABUWLZ
20: GYAXAJH
21: STKEFPW
22: UWTPSTA
23: KQCNVZS
24: OXAULCB
25: EKJBJMH
26: RCJHZLE
Case #7:
1: LDOBG
2: QCCZX
3: PJQDA
4: RHUXL
5: ZZRAI
6: VXDCF
7: GJECF
8: UBFDB
9: NHVEA
10: IKSJH
11: TZCJN
12: PPPMV
13: YEDAD
14: LLVBY
15: IBGMD
16: LRUWP
17: FPJZM
18: CGYGW
19: UBOOB
20: ASHVV
21: CXLCC
22: GLIYZ
23: RBEIZ
24: ERCQB
25: EUQSY
26: XHADV
Case #8:
1: XXCPVW
2: WGMOFU
3: DGADNC
4: QMLEGT
5: FZQXSO
6: XOGTUG
7: IWGPQC
8: VECXGA
9: XKAIOI
10: IQHCWT
11: DISRVA
12: YTUIBI
13: DNACWA
14: IXSPZQ
15: PQAHCC
16: IFQMCY
17: OQCAJC
18: PLMTIL
19: AZQMPV
20: DNEXZM
21: LUIHMQ
22: JGNNGX
Case #9:
1: WEYQOEK
2: SIDHQCU
3: RURECIW
4: VXMACMT
5: PDKOZGP
6: DEARKND
7: NIQPRSV
8: CGZESZH
9: ZWWZFXW
10: SKGUXXB
11: OXARIAM
12: LAGRQQN
13: CLYTFRY
14: WYWJYCC
15: QSMATGH
16: EQKWVQB
17: ANRFZYV
18: JBIBVVB
19: KBUFDNO
20: NELKCJV
21: VCRHVWL
22: OBYDYBW
23: YJZXPYN
24: JREEZIL
Case #10:
1: VILHXXM
2: GVENDTA
3: YBTCOVL
4: BLAHTVH
5: IJZJKUN
6: GGSYIEA
7: IKVGUNS
8: TWKCTOP
9: SCMAVXD
10: DCFNXQH
11: KKCRBDA
12: HSTKUCS
13: ZVSUFED
14: HESKQZO
15: BMFESII
16: CYHBVZX
17: KTLSFGY
18: CQAKLMC
19: CDQGTSQ
20: GTMQFOJ
21: SQDGBCY
22: CHEEGLH
